[04/11/22, 15:32:26:090] info: 
╔═════════════════════════════════════════════════════╗
║      Slack 4.25.1, linux 5.17.1-arch1-1 on x64      ║
╚═════════════════════════════════════════════════════╝ 
[04/11/22, 15:32:26:090] info: Configured logger via 
{
  "enableConsoleTransport": true,
  "identifierOverride": "unknown-web-contents-console",
  "shouldUseNewBackend": false,
  "loggerInstanceCount": 4
}
[04/11/22, 15:32:26:091] info: Predefined values for process 
{
  "NODE_ENV": "production",
  "platform": "linux",
  "type": "browser",
  "timeZone": "Europe/Warsaw",
  "PACKAGE_MANIFEST.productName": "Slack",
  "PACKAGE_MANIFEST.version": "4.25.1",
  "PACKAGE_MANIFEST.commit": "f7abf75",
  "PACKAGE_MANIFEST.branch": "HEAD"
}
[04/11/22, 15:32:26:107] info: 
╔═════════════════════════════════════════════════════╗
║      Slack 4.25.1, linux 5.17.1-arch1-1 on x64      ║
╚═════════════════════════════════════════════════════╝ 
[04/11/22, 15:32:26:107] info: Configured logger via 
{
  "enableConsoleTransport": true,
  "identifierOverride": "unknown-web-contents-console",
  "shouldUseNewBackend": false,
  "loggerInstanceCount": 5
}
[04/11/22, 15:32:26:107] info: Predefined values for process 
{
  "NODE_ENV": "production",
  "platform": "linux",
  "type": "browser",
  "timeZone": "Europe/Warsaw",
  "PACKAGE_MANIFEST.productName": "Slack",
  "PACKAGE_MANIFEST.version": "4.25.1",
  "PACKAGE_MANIFEST.commit": "f7abf75",
  "PACKAGE_MANIFEST.branch": "HEAD"
}
[04/11/22, 15:32:26:124] info: 
╔═════════════════════════════════════════════════════╗
║      Slack 4.25.1, linux 5.17.1-arch1-1 on x64      ║
╚═════════════════════════════════════════════════════╝ 
[04/11/22, 15:32:26:124] info: Configured logger via 
{
  "enableConsoleTransport": true,
  "identifierOverride": "unknown-web-contents-console",
  "shouldUseNewBackend": false,
  "loggerInstanceCount": 6
}
[04/11/22, 15:32:26:125] info: Predefined values for process 
{
  "NODE_ENV": "production",
  "platform": "linux",
  "type": "browser",
  "timeZone": "Europe/Warsaw",
  "PACKAGE_MANIFEST.productName": "Slack",
  "PACKAGE_MANIFEST.version": "4.25.1",
  "PACKAGE_MANIFEST.commit": "f7abf75",
  "PACKAGE_MANIFEST.branch": "HEAD"
}
[04/11/22, 15:32:54:932] info: 
╔═════════════════════════════════════════════════════╗
║      Slack 4.25.1, linux 5.17.1-arch1-1 on x64      ║
╚═════════════════════════════════════════════════════╝ 
[04/11/22, 15:32:54:932] info: Configured logger via 
{
  "enableConsoleTransport": true,
  "identifierOverride": "unknown-web-contents-console",
  "shouldUseNewBackend": false,
  "loggerInstanceCount": 7
}
[04/11/22, 15:32:54:933] info: Predefined values for process 
{
  "NODE_ENV": "production",
  "platform": "linux",
  "type": "browser",
  "timeZone": "Europe/Warsaw",
  "PACKAGE_MANIFEST.productName": "Slack",
  "PACKAGE_MANIFEST.version": "4.25.1",
  "PACKAGE_MANIFEST.commit": "f7abf75",
  "PACKAGE_MANIFEST.branch": "HEAD"
}
